============================================================
  DON Unified Node
============================================================
  Config loaded: examples/predictor_single_node.json
  Port: 8470
  Data dir: ./doin-data-predictor
  Domains: 1
  Identity: cb47632c063a618b...
2026-02-18 06:11:19 [doin_node.stats.olap_db] INFO: OLAP schema v2 created at predictor_olap.db
2026-02-18 06:11:19 [doin_node.unified] INFO: Domain predictor-timeseries-4h registered (optimize=True, evaluate=True, synthetic=True)

Loading plugins...
Attempting to load plugin: mimo from group: predictor.plugins
Successfully loaded plugin: mimo with params: {'batch_size': 32, 'learning_rate': 0.001, 'encoder_conv_layers': 2, 'encoder_base_filters': 128, 'encoder_lstm_units': 128, 'horizon_embedding_dim': 32, 'horizon_attn_heads': 2, 'horizon_attn_key_dim': 64, 'decoder_dropout': 0.1, 'activation': 'relu', 'l2_reg': 1e-07, 'predicted_horizons': [1], 'positional_encoding': False}
WARNING: All log messages before absl::InitializeLog() is called are written to STDERR
I0000 00:00:1771413080.947458 3363200 gpu_device.cc:2020] Created device /job:localhost/replica:0/task:0/device:GPU:0 with 14119 MB memory:  -> device: 0, name: NVIDIA GeForce RTX 4090 Laptop GPU, pci bus id: 0000:01:00.0, compute capability: 8.9
Attempting to load plugin: stl_preprocessor from group: preprocessor.plugins
Successfully loaded plugin: stl_preprocessor with params: {'window_size': 48, 'predicted_horizons': [1, 2, 3, 4, 5, 6], 'target_column': 'typical_price', 'use_returns': True, 'targets_are_denormalized': True, 'anti_naive_lock_enabled': True, 'feature_preprocessing_strategy': 'selective', 'add_window_stats': True, 'window_stats_periods': [12, 48], 'reverse_time_axis': False, 'add_multi_scale_returns': False, 'multi_scale_return_periods': [6, 24, 72], 'use_log1p_features': ['typical_price']}
Attempting to load plugin: default_target from group: target.plugins
Successfully loaded plugin: default_target with params: {'predicted_horizons': [1], 'target_column': 'typical_price'}
  Optimizer plugin 'predictor' loaded for predictor-timeseries-4h
Attempting to load plugin: mimo from group: predictor.plugins
Successfully loaded plugin: mimo with params: {'batch_size': 32, 'learning_rate': 0.001, 'encoder_conv_layers': 2, 'encoder_base_filters': 128, 'encoder_lstm_units': 128, 'horizon_embedding_dim': 32, 'horizon_attn_heads': 2, 'horizon_attn_key_dim': 64, 'decoder_dropout': 0.1, 'activation': 'relu', 'l2_reg': 1e-07, 'predicted_horizons': [1], 'positional_encoding': False}
Attempting to load plugin: stl_preprocessor from group: preprocessor.plugins
Successfully loaded plugin: stl_preprocessor with params: {'window_size': 48, 'predicted_horizons': [1, 2, 3, 4, 5, 6], 'target_column': 'typical_price', 'use_returns': True, 'targets_are_denormalized': True, 'anti_naive_lock_enabled': True, 'feature_preprocessing_strategy': 'selective', 'add_window_stats': True, 'window_stats_periods': [12, 48], 'reverse_time_axis': False, 'add_multi_scale_returns': False, 'multi_scale_return_periods': [6, 24, 72], 'use_log1p_features': ['typical_price']}
Attempting to load plugin: default_target from group: target.plugins
Successfully loaded plugin: default_target with params: {'predicted_horizons': [1], 'target_column': 'typical_price'}
  Evaluator plugin 'predictor' loaded for predictor-timeseries-4h
2026-02-18 06:11:21 [doin_plugins.predictor.synthetic] INFO: Loaded pre-trained HMM hybrid model from /home/openclaw/.openclaw/workspace/synthetic-datagen/examples/models/hmm_hybrid_d1d4_optimized.joblib (K=5, block_size=30, covariance=diag)
  Synthetic data plugin 'predictor' loaded for predictor-timeseries-4h

  Optimizer domains: ['predictor-timeseries-4h']
  Evaluator domains: ['predictor-timeseries-4h']
  Bootstrap peers: []

  Security hardening:
    Commit-reveal: max_age=600.0s
    Quorum: 1 evaluators, 67% agreement, 50% tolerance
    Finality: 6 confirmations
    External anchoring: every 100 blocks
    Deterministic seed: True

============================================================
  Starting node on :8470...
============================================================

2026-02-18 06:11:21 [doin_node.storage.chaindb] INFO: ChainDB opened: doin-data-predictor/chain.db
2026-02-18 06:11:21 [doin_node.unified] INFO: SQLite storage: height=1
2026-02-18 06:11:21 [doin_node.stats.experiment_tracker] INFO: Experiment started: domain=predictor-timeseries-4h id=449f6e6ad822
2026-02-18 06:11:21 [doin_node.dashboard.routes] INFO: Dashboard enabled at /dashboard
2026-02-18 06:11:21 [doin_node.network.transport] INFO: Transport listening on 0.0.0.0:8470
2026-02-18 06:11:21 [aiohttp.access] INFO: 127.0.0.1 [18/Feb/2026:06:11:21 -0500] "GET /chain/status HTTP/1.1" 200 299 "-" "Python/3.12 aiohttp/3.13.3"
2026-02-18 06:11:21 [doin_node.unified] INFO: ✅ Port 8470 self-check passed
2026-02-18 06:11:21 [doin_node.unified] INFO: Unified node started: peer=cb47632c063a port=8470 optimize=['predictor-timeseries-4h'] evaluate=['predictor-timeseries-4h'] protocol=gossipsub storage=sqlite fee_market=True discovery=True
2026-02-18 06:11:21 [doin_node.unified] INFO: Optimizer waiting 10s for peer discovery...
2026-02-18 06:11:21 [doin_node.network.discovery] INFO: LAN discovery active: TCP scan on subnets ['192.168.0', '192.168.1']
2026-02-18 06:11:31 [doin_node.unified] INFO: 🧬 Starting DEAP GA optimization for predictor-timeseries-4h
Attempting to load plugin: default_target from group: target.plugins
Successfully loaded plugin: default_target with params: {'predicted_horizons': [1], 'target_column': 'typical_price'}

================================================================================
================================================================================

[DEBUG] Creating population of size 20 with 7 parameters...
[DEBUG] Parameters: ['learning_rate', 'num_layers', 'layer_size', 'positional_encoding', 'l2_reg', 'mmd_lambda', 'early_patience']

================================================================================
CREATED INITIAL POPULATION: 20 individuals with 7 parameters
Parameters: ['learning_rate', 'num_layers', 'layer_size', 'positional_encoding', 'l2_reg', 'mmd_lambda', 'early_patience']
================================================================================

Starting hyperparameter optimization (Gen 0 to 9, running 10 generations)...
[BOUNDS] Checking initial population against hyperparameter bounds...

[VERIFY] Candidate 0 (Champion) Parameters to be evaluated:
{
  "learning_rate": 0.008085996764578022,
  "num_layers": 2,
  "layer_size": 152,
  "positional_encoding": 1,
  "l2_reg": 0.0009441853203251946,
  "mmd_lambda": 0.007243136860523834,
  "early_patience": 84
}
------------------------------------------------------------

--- Evaluating Candidate 1/20 | Gen 0/9 | Params: 7 | Total Evals: 1 ---
Params: {'learning_rate': 0.008085996764578022, 'num_layers': 2, 'layer_size': 152, 'positional_encoding': True, 'l2_reg': 0.0009441853203251946, 'mmd_lambda': 0.007243136860523834, 'early_patience': 84}
/usr/bin/python3: No module named optimizer_plugins.candidate_worker
CRITICAL: Worker failed (returncode=1). Tail of stdout:
/usr/bin/python3: No module named optimizer_plugins.candidate_worker

--- End of worker stdout ---

--- Evaluating Candidate 2/20 | Gen 0/9 | Params: 7 | Total Evals: 2 ---
Params: {'learning_rate': 0.008140554637010175, 'num_layers': 3, 'layer_size': 245, 'positional_encoding': False, 'l2_reg': 5.078664829712025e-05, 'mmd_lambda': 0.005779653375431134, 'early_patience': 40}
/usr/bin/python3: No module named optimizer_plugins.candidate_worker
CRITICAL: Worker failed (returncode=1). Tail of stdout:
/usr/bin/python3: No module named optimizer_plugins.candidate_worker

--- End of worker stdout ---

--- Evaluating Candidate 3/20 | Gen 0/9 | Params: 7 | Total Evals: 3 ---
Params: {'learning_rate': 0.009326024466302572, 'num_layers': 1, 'layer_size': 169, 'positional_encoding': True, 'l2_reg': 0.00028085898282709774, 'mmd_lambda': 0.0019141309432274196, 'early_patience': 90}
/usr/bin/python3: No module named optimizer_plugins.candidate_worker
CRITICAL: Worker failed (returncode=1). Tail of stdout:
/usr/bin/python3: No module named optimizer_plugins.candidate_worker

--- End of worker stdout ---

--- Evaluating Candidate 4/20 | Gen 0/9 | Params: 7 | Total Evals: 4 ---
Params: {'learning_rate': 0.009765043021382057, 'num_layers': 3, 'layer_size': 46, 'positional_encoding': True, 'l2_reg': 0.000471348582969999, 'mmd_lambda': 0.008255706986692361, 'early_patience': 10}
/usr/bin/python3: No module named optimizer_plugins.candidate_worker
CRITICAL: Worker failed (returncode=1). Tail of stdout:
/usr/bin/python3: No module named optimizer_plugins.candidate_worker

--- End of worker stdout ---

--- Evaluating Candidate 5/20 | Gen 0/9 | Params: 7 | Total Evals: 5 ---
Params: {'learning_rate': 0.0056914084488722694, 'num_layers': 3, 'layer_size': 201, 'positional_encoding': True, 'l2_reg': 0.00017773017675149999, 'mmd_lambda': 0.00850637125161809, 'early_patience': 33}
/usr/bin/python3: No module named optimizer_plugins.candidate_worker
CRITICAL: Worker failed (returncode=1). Tail of stdout:
/usr/bin/python3: No module named optimizer_plugins.candidate_worker

--- End of worker stdout ---

--- Evaluating Candidate 6/20 | Gen 0/9 | Params: 7 | Total Evals: 6 ---
Params: {'learning_rate': 0.0017590364003289363, 'num_layers': 2, 'layer_size': 200, 'positional_encoding': False, 'l2_reg': 0.0003744705156735108, 'mmd_lambda': 0.0001694196936585423, 'early_patience': 71}
/usr/bin/python3: No module named optimizer_plugins.candidate_worker
CRITICAL: Worker failed (returncode=1). Tail of stdout:
/usr/bin/python3: No module named optimizer_plugins.candidate_worker

--- End of worker stdout ---

--- Evaluating Candidate 7/20 | Gen 0/9 | Params: 7 | Total Evals: 7 ---
Params: {'learning_rate': 0.007641580029108499, 'num_layers': 5, 'layer_size': 40, 'positional_encoding': False, 'l2_reg': 0.0006740461874872385, 'mmd_lambda': 0.009221402848744795, 'early_patience': 48}
/usr/bin/python3: No module named optimizer_plugins.candidate_worker
CRITICAL: Worker failed (returncode=1). Tail of stdout:
/usr/bin/python3: No module named optimizer_plugins.candidate_worker

--- End of worker stdout ---

--- Evaluating Candidate 8/20 | Gen 0/9 | Params: 7 | Total Evals: 8 ---
Params: {'learning_rate': 0.008998721218196587, 'num_layers': 1, 'layer_size': 50, 'positional_encoding': False, 'l2_reg': 0.0005219522484181989, 'mmd_lambda': 0.004076256133904156, 'early_patience': 94}
/usr/bin/python3: No module named optimizer_plugins.candidate_worker
CRITICAL: Worker failed (returncode=1). Tail of stdout:
/usr/bin/python3: No module named optimizer_plugins.candidate_worker

--- End of worker stdout ---

--- Evaluating Candidate 9/20 | Gen 0/9 | Params: 7 | Total Evals: 9 ---
Params: {'learning_rate': 0.00654294010794581, 'num_layers': 4, 'layer_size': 160, 'positional_encoding': False, 'l2_reg': 0.00010018481638429998, 'mmd_lambda': 0.0015590693146370572, 'early_patience': 54}
/usr/bin/python3: No module named optimizer_plugins.candidate_worker
CRITICAL: Worker failed (returncode=1). Tail of stdout:
/usr/bin/python3: No module named optimizer_plugins.candidate_worker

--- End of worker stdout ---

--- Evaluating Candidate 10/20 | Gen 0/9 | Params: 7 | Total Evals: 10 ---
Params: {'learning_rate': 0.003829429249509702, 'num_layers': 2, 'layer_size': 169, 'positional_encoding': True, 'l2_reg': 0.00018211057897821694, 'mmd_lambda': 0.006752825938172331, 'early_patience': 27}
/usr/bin/python3: No module named optimizer_plugins.candidate_worker
CRITICAL: Worker failed (returncode=1). Tail of stdout:
/usr/bin/python3: No module named optimizer_plugins.candidate_worker

--- End of worker stdout ---

--- Evaluating Candidate 11/20 | Gen 0/9 | Params: 7 | Total Evals: 11 ---
Params: {'learning_rate': 0.004210793518394406, 'num_layers': 5, 'layer_size': 96, 'positional_encoding': False, 'l2_reg': 0.0004017915428373365, 'mmd_lambda': 0.009836875910743479, 'early_patience': 32}
/usr/bin/python3: No module named optimizer_plugins.candidate_worker
CRITICAL: Worker failed (returncode=1). Tail of stdout:
/usr/bin/python3: No module named optimizer_plugins.candidate_worker

--- End of worker stdout ---

--- Evaluating Candidate 12/20 | Gen 0/9 | Params: 7 | Total Evals: 12 ---
Params: {'learning_rate': 8.843753095882188e-05, 'num_layers': 1, 'layer_size': 96, 'positional_encoding': False, 'l2_reg': 0.00013030486084947903, 'mmd_lambda': 0.0006116722831979564, 'early_patience': 70}
/usr/bin/python3: No module named optimizer_plugins.candidate_worker
CRITICAL: Worker failed (returncode=1). Tail of stdout:
/usr/bin/python3: No module named optimizer_plugins.candidate_worker

--- End of worker stdout ---

--- Evaluating Candidate 13/20 | Gen 0/9 | Params: 7 | Total Evals: 13 ---
Params: {'learning_rate': 0.005973957154508072, 'num_layers': 2, 'layer_size': 27, 'positional_encoding': True, 'l2_reg': 4.3523417551423135e-05, 'mmd_lambda': 0.0016872269873204333, 'early_patience': 40}
/usr/bin/python3: No module named optimizer_plugins.candidate_worker
CRITICAL: Worker failed (returncode=1). Tail of stdout:
/usr/bin/python3: No module named optimizer_plugins.candidate_worker

--- End of worker stdout ---

--- Evaluating Candidate 14/20 | Gen 0/9 | Params: 7 | Total Evals: 14 ---
Params: {'learning_rate': 0.00479843024148719, 'num_layers': 2, 'layer_size': 60, 'positional_encoding': False, 'l2_reg': 0.00043186000894623584, 'mmd_lambda': 0.00011265208933806011, 'early_patience': 34}
/usr/bin/python3: No module named optimizer_plugins.candidate_worker
CRITICAL: Worker failed (returncode=1). Tail of stdout:
/usr/bin/python3: No module named optimizer_plugins.candidate_worker

--- End of worker stdout ---

--- Evaluating Candidate 15/20 | Gen 0/9 | Params: 7 | Total Evals: 15 ---
Params: {'learning_rate': 0.0030085364422862346, 'num_layers': 5, 'layer_size': 79, 'positional_encoding': False, 'l2_reg': 0.0004801828499422167, 'mmd_lambda': 0.003730973692568542, 'early_patience': 20}
/usr/bin/python3: No module named optimizer_plugins.candidate_worker
CRITICAL: Worker failed (returncode=1). Tail of stdout:
/usr/bin/python3: No module named optimizer_plugins.candidate_worker

--- End of worker stdout ---

--- Evaluating Candidate 16/20 | Gen 0/9 | Params: 7 | Total Evals: 16 ---
Params: {'learning_rate': 0.005188355971028043, 'num_layers': 4, 'layer_size': 42, 'positional_encoding': False, 'l2_reg': 0.0008637050722676505, 'mmd_lambda': 0.009802374529369632, 'early_patience': 81}
/usr/bin/python3: No module named optimizer_plugins.candidate_worker
CRITICAL: Worker failed (returncode=1). Tail of stdout:
/usr/bin/python3: No module named optimizer_plugins.candidate_worker

--- End of worker stdout ---

--- Evaluating Candidate 17/20 | Gen 0/9 | Params: 7 | Total Evals: 17 ---
Params: {'learning_rate': 6.074576067907263e-05, 'num_layers': 1, 'layer_size': 26, 'positional_encoding': False, 'l2_reg': 0.0001679496477900641, 'mmd_lambda': 0.008867488213734351, 'early_patience': 55}
/usr/bin/python3: No module named optimizer_plugins.candidate_worker
CRITICAL: Worker failed (returncode=1). Tail of stdout:
/usr/bin/python3: No module named optimizer_plugins.candidate_worker

--- End of worker stdout ---

--- Evaluating Candidate 18/20 | Gen 0/9 | Params: 7 | Total Evals: 18 ---
Params: {'learning_rate': 0.0021525973355307464, 'num_layers': 4, 'layer_size': 69, 'positional_encoding': True, 'l2_reg': 0.0006523521394401277, 'mmd_lambda': 0.001725776348626357, 'early_patience': 85}
/usr/bin/python3: No module named optimizer_plugins.candidate_worker
CRITICAL: Worker failed (returncode=1). Tail of stdout:
/usr/bin/python3: No module named optimizer_plugins.candidate_worker

--- End of worker stdout ---

--- Evaluating Candidate 19/20 | Gen 0/9 | Params: 7 | Total Evals: 19 ---
Params: {'learning_rate': 0.009322107119403426, 'num_layers': 4, 'layer_size': 60, 'positional_encoding': True, 'l2_reg': 0.000922032625945537, 'mmd_lambda': 0.0003591859217703313, 'early_patience': 57}
/usr/bin/python3: No module named optimizer_plugins.candidate_worker
CRITICAL: Worker failed (returncode=1). Tail of stdout:
/usr/bin/python3: No module named optimizer_plugins.candidate_worker

--- End of worker stdout ---

--- Evaluating Candidate 20/20 | Gen 0/9 | Params: 7 | Total Evals: 20 ---
Params: {'learning_rate': 0.0010570034859551187, 'num_layers': 4, 'layer_size': 224, 'positional_encoding': True, 'l2_reg': 0.00032455025592295763, 'mmd_lambda': 0.006521465205536265, 'early_patience': 19}
/usr/bin/python3: No module named optimizer_plugins.candidate_worker
CRITICAL: Worker failed (returncode=1). Tail of stdout:
/usr/bin/python3: No module named optimizer_plugins.candidate_worker

--- End of worker stdout ---
-- Generation 0/9 --

--- Evaluating Candidate 1/20 | Gen 0/9 | Params: 7 | Total Evals: 21 ---
Params: {'learning_rate': 0.008085996764578022, 'num_layers': 2, 'layer_size': 152, 'positional_encoding': True, 'l2_reg': 0.0005219522484181989, 'mmd_lambda': 0.004076256133904156, 'early_patience': 94}
/usr/bin/python3: No module named optimizer_plugins.candidate_worker
CRITICAL: Worker failed (returncode=1). Tail of stdout:
/usr/bin/python3: No module named optimizer_plugins.candidate_worker

--- End of worker stdout ---

--- Evaluating Candidate 2/20 | Gen 0/9 | Params: 7 | Total Evals: 22 ---
Params: {'learning_rate': 0.008998721218196587, 'num_layers': 1, 'layer_size': 50, 'positional_encoding': False, 'l2_reg': 0.0009441853203251946, 'mmd_lambda': 0.007243136860523834, 'early_patience': 84}
/usr/bin/python3: No module named optimizer_plugins.candidate_worker
CRITICAL: Worker failed (returncode=1). Tail of stdout:
/usr/bin/python3: No module named optimizer_plugins.candidate_worker

--- End of worker stdout ---

--- Evaluating Candidate 3/20 | Gen 0/9 | Params: 7 | Total Evals: 23 ---
Params: {'learning_rate': 0.0030085364422862346, 'num_layers': 5, 'layer_size': 152, 'positional_encoding': True, 'l2_reg': 0.0004801828499422167, 'mmd_lambda': 0.003730973692568542, 'early_patience': 20}
/usr/bin/python3: No module named optimizer_plugins.candidate_worker
CRITICAL: Worker failed (returncode=1). Tail of stdout:
/usr/bin/python3: No module named optimizer_plugins.candidate_worker

--- End of worker stdout ---

--- Evaluating Candidate 4/20 | Gen 0/9 | Params: 7 | Total Evals: 24 ---
Params: {'learning_rate': 0.008085996764578022, 'num_layers': 2, 'layer_size': 79, 'positional_encoding': True, 'l2_reg': 0.0009441853203251946, 'mmd_lambda': 0.007243136860523834, 'early_patience': 84}
/usr/bin/python3: No module named optimizer_plugins.candidate_worker
CRITICAL: Worker failed (returncode=1). Tail of stdout:
/usr/bin/python3: No module named optimizer_plugins.candidate_worker

--- End of worker stdout ---

--- Evaluating Candidate 5/20 | Gen 0/9 | Params: 7 | Total Evals: 25 ---
Params: {'learning_rate': 0.004171657970437157, 'num_layers': 5, 'layer_size': 96, 'positional_encoding': False, 'l2_reg': 0.0004017915428373365, 'mmd_lambda': 0.009836875910743479, 'early_patience': 73}
/usr/bin/python3: No module named optimizer_plugins.candidate_worker
CRITICAL: Worker failed (returncode=1). Tail of stdout:
/usr/bin/python3: No module named optimizer_plugins.candidate_worker

--- End of worker stdout ---

--- Evaluating Candidate 6/20 | Gen 0/9 | Params: 7 | Total Evals: 26 ---
Params: {'learning_rate': 0.006399006621371724, 'num_layers': 2, 'layer_size': 40, 'positional_encoding': False, 'l2_reg': 0.0004288446082950035, 'mmd_lambda': 0.009221402848744795, 'early_patience': 48}
/usr/bin/python3: No module named optimizer_plugins.candidate_worker
CRITICAL: Worker failed (returncode=1). Tail of stdout:
/usr/bin/python3: No module named optimizer_plugins.candidate_worker

--- End of worker stdout ---

--- Evaluating Candidate 7/20 | Gen 0/9 | Params: 7 | Total Evals: 27 ---
Params: {'learning_rate': 8.843753095882188e-05, 'num_layers': 1, 'layer_size': 96, 'positional_encoding': False, 'l2_reg': 0.00013030486084947903, 'mmd_lambda': 0.0028657332620097634, 'early_patience': 70}
/usr/bin/python3: No module named optimizer_plugins.candidate_worker
CRITICAL: Worker failed (returncode=1). Tail of stdout:
/usr/bin/python3: No module named optimizer_plugins.candidate_worker

--- End of worker stdout ---

--- Evaluating Candidate 8/20 | Gen 0/9 | Params: 7 | Total Evals: 28 ---
Params: {'learning_rate': 0.009326024466302572, 'num_layers': 1, 'layer_size': 224, 'positional_encoding': True, 'l2_reg': 0.00032455025592295763, 'mmd_lambda': 0.006521465205536265, 'early_patience': 90}
/usr/bin/python3: No module named optimizer_plugins.candidate_worker
CRITICAL: Worker failed (returncode=1). Tail of stdout:
/usr/bin/python3: No module named optimizer_plugins.candidate_worker

--- End of worker stdout ---

--- Evaluating Candidate 9/20 | Gen 0/9 | Params: 7 | Total Evals: 29 ---
Params: {'learning_rate': 0.0010570034859551187, 'num_layers': 4, 'layer_size': 169, 'positional_encoding': True, 'l2_reg': 0.00028085898282709774, 'mmd_lambda': 0.0019141309432274196, 'early_patience': 19}
/usr/bin/python3: No module named optimizer_plugins.candidate_worker
CRITICAL: Worker failed (returncode=1). Tail of stdout:
/usr/bin/python3: No module named optimizer_plugins.candidate_worker

--- End of worker stdout ---

--- Evaluating Candidate 10/20 | Gen 0/9 | Params: 7 | Total Evals: 30 ---
Params: {'learning_rate': 0.008998721218196587, 'num_layers': 1, 'layer_size': 50, 'positional_encoding': False, 'l2_reg': 0.0005219522484181989, 'mmd_lambda': 0.004173934704845545, 'early_patience': 94}
/usr/bin/python3: No module named optimizer_plugins.candidate_worker
CRITICAL: Worker failed (returncode=1). Tail of stdout:
/usr/bin/python3: No module named optimizer_plugins.candidate_worker

--- End of worker stdout ---
  Best Val Loss: inf
  No improvement for 1 generations.
  Statistics saved to optimization_stats.json
2026-02-18 06:11:36 [doin_node.unified] INFO: [predictor-timeseries-4h] gen=0 stage=1/1 evals=30  champ_fitness=inf  champ_val_mae=N/A  avg_fitness=inf  patience=1/3
-- Generation 1/9 --

--- Evaluating Candidate 1/20 | Gen 1/9 | Params: 7 | Total Evals: 31 ---
Params: {'learning_rate': 0.009765043021382057, 'num_layers': 3, 'layer_size': 46, 'positional_encoding': True, 'l2_reg': 0.0006523521394401277, 'mmd_lambda': 0.001725776348626357, 'early_patience': 85}
/usr/bin/python3: No module named optimizer_plugins.candidate_worker
CRITICAL: Worker failed (returncode=1). Tail of stdout:
/usr/bin/python3: No module named optimizer_plugins.candidate_worker

--- End of worker stdout ---

--- Evaluating Candidate 2/20 | Gen 1/9 | Params: 7 | Total Evals: 32 ---
Params: {'learning_rate': 0.0021525973355307464, 'num_layers': 4, 'layer_size': 69, 'positional_encoding': True, 'l2_reg': 0.000471348582969999, 'mmd_lambda': 0.008255706986692361, 'early_patience': 10}
/usr/bin/python3: No module named optimizer_plugins.candidate_worker
CRITICAL: Worker failed (returncode=1). Tail of stdout:
/usr/bin/python3: No module named optimizer_plugins.candidate_worker

--- End of worker stdout ---

--- Evaluating Candidate 3/20 | Gen 1/9 | Params: 7 | Total Evals: 33 ---
Params: {'learning_rate': 0.00654294010794581, 'num_layers': 4, 'layer_size': 46, 'positional_encoding': True, 'l2_reg': 0.00010018481638429998, 'mmd_lambda': 0.0015590693146370572, 'early_patience': 54}
/usr/bin/python3: No module named optimizer_plugins.candidate_worker
CRITICAL: Worker failed (returncode=1). Tail of stdout:
/usr/bin/python3: No module named optimizer_plugins.candidate_worker

--- End of worker stdout ---

--- Evaluating Candidate 4/20 | Gen 1/9 | Params: 7 | Total Evals: 34 ---
Params: {'learning_rate': 0.009765043021382057, 'num_layers': 3, 'layer_size': 160, 'positional_encoding': True, 'l2_reg': 0.000471348582969999, 'mmd_lambda': 0.008255706986692361, 'early_patience': 10}
/usr/bin/python3: No module named optimizer_plugins.candidate_worker
CRITICAL: Worker failed (returncode=1). Tail of stdout:
/usr/bin/python3: No module named optimizer_plugins.candidate_worker

--- End of worker stdout ---

--- Evaluating Candidate 5/20 | Gen 1/9 | Params: 7 | Total Evals: 35 ---
Params: {'learning_rate': 0.004132522422479908, 'num_layers': 5, 'layer_size': 96, 'positional_encoding': False, 'l2_reg': 0.0004017915428373365, 'mmd_lambda': 0.009836875910743479, 'early_patience': 73}
2026-02-18 06:11:37 [doin_node.network.discovery] INFO: LAN discovery: found DOIN node at 192.168.0.100:8470
/usr/bin/python3: No module named optimizer_plugins.candidate_worker
CRITICAL: Worker failed (returncode=1). Tail of stdout:
/usr/bin/python3: No module named optimizer_plugins.candidate_worker

--- End of worker stdout ---

--- Evaluating Candidate 6/20 | Gen 1/9 | Params: 7 | Total Evals: 36 ---
Params: {'learning_rate': 0.006843423356841247, 'num_layers': 2, 'layer_size': 152, 'positional_encoding': True, 'l2_reg': 0.0006989837411329596, 'mmd_lambda': 0.007243136860523834, 'early_patience': 84}
/usr/bin/python3: No module named optimizer_plugins.candidate_worker
CRITICAL: Worker failed (returncode=1). Tail of stdout:
/usr/bin/python3: No module named optimizer_plugins.candidate_worker

--- End of worker stdout ---

--- Evaluating Candidate 7/20 | Gen 1/9 | Params: 7 | Total Evals: 37 ---
Params: {'learning_rate': 0.006399006621371724, 'num_layers': 2, 'layer_size': 40, 'positional_encoding': False, 'l2_reg': 0.0004288446082950035, 'mmd_lambda': 0.01, 'early_patience': 48}
/usr/bin/python3: No module named optimizer_plugins.candidate_worker
CRITICAL: Worker failed (returncode=1). Tail of stdout:
/usr/bin/python3: No module named optimizer_plugins.candidate_worker

--- End of worker stdout ---
2026-02-18 06:11:37 [doin_node.network.discovery] INFO: LAN discovery: found DOIN node at 192.168.1.119:8470

--- Evaluating Candidate 8/20 | Gen 1/9 | Params: 7 | Total Evals: 38 ---2026-02-18 06:11:37 [doin_node.unified] INFO: LAN scan: 2 new peers
2026-02-18 06:11:37 [doin_node.unified] INFO: Connected to discovered peer: 192.168.1.119:8470
2026-02-18 06:11:37 [doin_node.unified] INFO: Connected to discovered peer: 192.168.0.100:8470

Params: {'learning_rate': 0.009765043021382057, 'num_layers': 3, 'layer_size': 50, 'positional_encoding': False, 'l2_reg': 0.0005219522484181989, 'mmd_lambda': 0.004173934704845545, 'early_patience': 10}
/usr/bin/python3: No module named optimizer_plugins.candidate_worker
CRITICAL: Worker failed (returncode=1). Tail of stdout:
/usr/bin/python3: No module named optimizer_plugins.candidate_worker

--- End of worker stdout ---

--- Evaluating Candidate 9/20 | Gen 1/9 | Params: 7 | Total Evals: 39 ---
Params: {'learning_rate': 0.008998721218196587, 'num_layers': 1, 'layer_size': 46, 'positional_encoding': True, 'l2_reg': 0.000471348582969999, 'mmd_lambda': 0.008255706986692361, 'early_patience': 94}
/usr/bin/python3: No module named optimizer_plugins.candidate_worker
CRITICAL: Worker failed (returncode=1). Tail of stdout:
/usr/bin/python3: No module named optimizer_plugins.candidate_worker

--- End of worker stdout ---

--- Evaluating Candidate 10/20 | Gen 1/9 | Params: 7 | Total Evals: 40 ---
Params: {'learning_rate': 0.0021525973355307464, 'num_layers': 4, 'layer_size': 69, 'positional_encoding': True, 'l2_reg': 0.0006523521394401277, 'mmd_lambda': 0.001823454919567745, 'early_patience': 85}
/usr/bin/python3: No module named optimizer_plugins.candidate_worker
CRITICAL: Worker failed (returncode=1). Tail of stdout:
/usr/bin/python3: No module named optimizer_plugins.candidate_worker

--- End of worker stdout ---
  Best Val Loss: inf
  No improvement for 2 generations.
  Statistics saved to optimization_stats.json
2026-02-18 06:11:38 [doin_node.unified] INFO: [predictor-timeseries-4h] gen=1 stage=1/1 evals=40  champ_fitness=inf  champ_val_mae=N/A  avg_fitness=inf  patience=2/3
-- Generation 2/9 --

--- Evaluating Candidate 1/20 | Gen 2/9 | Params: 7 | Total Evals: 41 ---
Params: {'learning_rate': 0.009322107119403426, 'num_layers': 4, 'layer_size': 60, 'positional_encoding': True, 'l2_reg': 0.00028085898282709774, 'mmd_lambda': 0.0019141309432274196, 'early_patience': 19}
/usr/bin/python3: No module named optimizer_plugins.candidate_worker
CRITICAL: Worker failed (returncode=1). Tail of stdout:
/usr/bin/python3: No module named optimizer_plugins.candidate_worker

--- End of worker stdout ---

--- Evaluating Candidate 2/20 | Gen 2/9 | Params: 7 | Total Evals: 42 ---
Params: {'learning_rate': 0.0010570034859551187, 'num_layers': 4, 'layer_size': 169, 'positional_encoding': True, 'l2_reg': 0.000922032625945537, 'mmd_lambda': 0.0003591859217703313, 'early_patience': 57}
/usr/bin/python3: No module named optimizer_plugins.candidate_worker
CRITICAL: Worker failed (returncode=1). Tail of stdout:
/usr/bin/python3: No module named optimizer_plugins.candidate_worker

--- End of worker stdout ---

--- Evaluating Candidate 3/20 | Gen 2/9 | Params: 7 | Total Evals: 43 ---
Params: {'learning_rate': 0.0030085364422862346, 'num_layers': 5, 'layer_size': 60, 'positional_encoding': True, 'l2_reg': 0.0004801828499422167, 'mmd_lambda': 0.003730973692568542, 'early_patience': 20}
/usr/bin/python3: No module named optimizer_plugins.candidate_worker
CRITICAL: Worker failed (returncode=1). Tail of stdout:
/usr/bin/python3: No module named optimizer_plugins.candidate_worker

--- End of worker stdout ---

--- Evaluating Candidate 4/20 | Gen 2/9 | Params: 7 | Total Evals: 44 ---
Params: {'learning_rate': 0.009322107119403426, 'num_layers': 4, 'layer_size': 152, 'positional_encoding': True, 'l2_reg': 0.000922032625945537, 'mmd_lambda': 0.0003591859217703313, 'early_patience': 57}
/usr/bin/python3: No module named optimizer_plugins.candidate_worker
CRITICAL: Worker failed (returncode=1). Tail of stdout:
/usr/bin/python3: No module named optimizer_plugins.candidate_worker

--- End of worker stdout ---

--- Evaluating Candidate 5/20 | Gen 2/9 | Params: 7 | Total Evals: 45 ---
Params: {'learning_rate': 0.004093386874522659, 'num_layers': 5, 'layer_size': 96, 'positional_encoding': False, 'l2_reg': 0.0004017915428373365, 'mmd_lambda': 0.009836875910743479, 'early_patience': 73}
/usr/bin/python3: No module named optimizer_plugins.candidate_worker
CRITICAL: Worker failed (returncode=1). Tail of stdout:
/usr/bin/python3: No module named optimizer_plugins.candidate_worker

--- End of worker stdout ---

--- Evaluating Candidate 6/20 | Gen 2/9 | Params: 7 | Total Evals: 46 ---
Params: {'learning_rate': 0.008522469613645282, 'num_layers': 2, 'layer_size': 46, 'positional_encoding': True, 'l2_reg': 0.00022614700377776402, 'mmd_lambda': 0.008255706986692361, 'early_patience': 10}
/usr/bin/python3: No module named optimizer_plugins.candidate_worker
CRITICAL: Worker failed (returncode=1). Tail of stdout:
/usr/bin/python3: No module named optimizer_plugins.candidate_worker

--- End of worker stdout ---

--- Evaluating Candidate 7/20 | Gen 2/9 | Params: 7 | Total Evals: 47 ---
Params: {'learning_rate': 0.006843423356841247, 'num_layers': 2, 'layer_size': 152, 'positional_encoding': True, 'l2_reg': 0.0006989837411329596, 'mmd_lambda': 0.009497197839335642, 'early_patience': 84}
/usr/bin/python3: No module named optimizer_plugins.candidate_worker
CRITICAL: Worker failed (returncode=1). Tail of stdout:
/usr/bin/python3: No module named optimizer_plugins.candidate_worker

--- End of worker stdout ---

--- Evaluating Candidate 8/20 | Gen 2/9 | Params: 7 | Total Evals: 48 ---
Params: {'learning_rate': 0.009322107119403426, 'num_layers': 4, 'layer_size': 69, 'positional_encoding': True, 'l2_reg': 0.0006523521394401277, 'mmd_lambda': 0.001823454919567745, 'early_patience': 57}
/usr/bin/python3: No module named optimizer_plugins.candidate_worker
CRITICAL: Worker failed (returncode=1). Tail of stdout:
/usr/bin/python3: No module named optimizer_plugins.candidate_worker

--- End of worker stdout ---

--- Evaluating Candidate 9/20 | Gen 2/9 | Params: 7 | Total Evals: 49 ---
Params: {'learning_rate': 0.0021525973355307464, 'num_layers': 4, 'layer_size': 60, 'positional_encoding': True, 'l2_reg': 0.000922032625945537, 'mmd_lambda': 0.0003591859217703313, 'early_patience': 85}
/usr/bin/python3: No module named optimizer_plugins.candidate_worker
CRITICAL: Worker failed (returncode=1). Tail of stdout:
/usr/bin/python3: No module named optimizer_plugins.candidate_worker

--- End of worker stdout ---

--- Evaluating Candidate 10/20 | Gen 2/9 | Params: 7 | Total Evals: 50 ---
Params: {'learning_rate': 0.0010570034859551187, 'num_layers': 4, 'layer_size': 169, 'positional_encoding': True, 'l2_reg': 0.00028085898282709774, 'mmd_lambda': 0.0020118095141688076, 'early_patience': 19}
/usr/bin/python3: No module named optimizer_plugins.candidate_worker
CRITICAL: Worker failed (returncode=1). Tail of stdout:
/usr/bin/python3: No module named optimizer_plugins.candidate_worker

--- End of worker stdout ---
  Best Val Loss: inf
  No improvement for 3 generations.
  Statistics saved to optimization_stats.json
2026-02-18 06:11:39 [doin_node.unified] INFO: [predictor-timeseries-4h] gen=2 stage=1/1 evals=50  champ_fitness=inf  champ_val_mae=N/A  avg_fitness=inf  patience=3/3
Early stopping triggered after 3 generations.
Optimization stage completed in 8.73 seconds.
Best hyperparameters found: {'learning_rate': 0.008085996764578022, 'num_layers': 2, 'layer_size': 152, 'positional_encoding': True, 'l2_reg': 0.0009441853203251946, 'mmd_lambda': 0.007243136860523834, 'early_patience': 84}
2026-02-18 06:11:39 [doin_node.unified] INFO: 🏁 Full optimization finished for predictor-timeseries-4h: final_perf=-inf
2026-02-18 06:11:39 [doin_node.unified] INFO: ✅ Optimization complete for predictor-timeseries-4h
2026-02-18 06:11:44 [aiohttp.access] INFO: 192.168.1.119 [18/Feb/2026:06:11:44 -0500] "GET /peers HTTP/1.1" 200 172 "-" "Python/3.12 aiohttp/3.12.14"
2026-02-18 06:11:44 [aiohttp.access] INFO: 192.168.0.100 [18/Feb/2026:06:11:44 -0500] "GET /peers HTTP/1.1" 200 172 "-" "Python/3.12 aiohttp/3.12.14"
2026-02-18 06:11:44 [aiohttp.access] INFO: 192.168.1.119 [18/Feb/2026:06:11:44 -0500] "GET /peers HTTP/1.1" 200 172 "-" "Python/3.12 aiohttp/3.12.14"
2026-02-18 06:11:44 [aiohttp.access] INFO: 192.168.0.100 [18/Feb/2026:06:11:44 -0500] "GET /peers HTTP/1.1" 200 172 "-" "Python/3.12 aiohttp/3.12.14"
2026-02-18 06:12:44 [aiohttp.access] INFO: 192.168.1.119 [18/Feb/2026:06:12:44 -0500] "GET /peers HTTP/1.1" 200 172 "-" "Python/3.12 aiohttp/3.12.14"
2026-02-18 06:12:44 [aiohttp.access] INFO: 192.168.0.100 [18/Feb/2026:06:12:44 -0500] "GET /peers HTTP/1.1" 200 172 "-" "Python/3.12 aiohttp/3.12.14"
2026-02-18 06:12:44 [aiohttp.access] INFO: 192.168.0.100 [18/Feb/2026:06:12:44 -0500] "GET /peers HTTP/1.1" 200 172 "-" "Python/3.12 aiohttp/3.12.14"
2026-02-18 06:12:44 [aiohttp.access] INFO: 192.168.1.119 [18/Feb/2026:06:12:44 -0500] "GET /peers HTTP/1.1" 200 172 "-" "Python/3.12 aiohttp/3.12.14"
2026-02-18 06:13:44 [aiohttp.access] INFO: 192.168.1.119 [18/Feb/2026:06:13:44 -0500] "GET /peers HTTP/1.1" 200 172 "-" "Python/3.12 aiohttp/3.12.14"
2026-02-18 06:13:44 [aiohttp.access] INFO: 192.168.0.100 [18/Feb/2026:06:13:44 -0500] "GET /peers HTTP/1.1" 200 172 "-" "Python/3.12 aiohttp/3.12.14"
2026-02-18 06:13:44 [aiohttp.access] INFO: 192.168.1.119 [18/Feb/2026:06:13:44 -0500] "GET /peers HTTP/1.1" 200 172 "-" "Python/3.12 aiohttp/3.12.14"
2026-02-18 06:13:44 [aiohttp.access] INFO: 192.168.0.100 [18/Feb/2026:06:13:44 -0500] "GET /peers HTTP/1.1" 200 172 "-" "Python/3.12 aiohttp/3.12.14"
2026-02-18 06:14:44 [aiohttp.access] INFO: 192.168.1.119 [18/Feb/2026:06:14:44 -0500] "GET /peers HTTP/1.1" 200 172 "-" "Python/3.12 aiohttp/3.12.14"
2026-02-18 06:14:44 [aiohttp.access] INFO: 192.168.0.100 [18/Feb/2026:06:14:44 -0500] "GET /peers HTTP/1.1" 200 172 "-" "Python/3.12 aiohttp/3.12.14"
2026-02-18 06:14:44 [aiohttp.access] INFO: 192.168.1.119 [18/Feb/2026:06:14:44 -0500] "GET /peers HTTP/1.1" 200 172 "-" "Python/3.12 aiohttp/3.12.14"
2026-02-18 06:14:44 [aiohttp.access] INFO: 192.168.0.100 [18/Feb/2026:06:14:44 -0500] "GET /peers HTTP/1.1" 200 172 "-" "Python/3.12 aiohttp/3.12.14"
2026-02-18 06:15:44 [aiohttp.access] INFO: 192.168.1.119 [18/Feb/2026:06:15:44 -0500] "GET /peers HTTP/1.1" 200 172 "-" "Python/3.12 aiohttp/3.12.14"
2026-02-18 06:15:44 [aiohttp.access] INFO: 192.168.0.100 [18/Feb/2026:06:15:44 -0500] "GET /peers HTTP/1.1" 200 172 "-" "Python/3.12 aiohttp/3.12.14"
2026-02-18 06:15:44 [aiohttp.access] INFO: 192.168.1.119 [18/Feb/2026:06:15:44 -0500] "GET /peers HTTP/1.1" 200 172 "-" "Python/3.12 aiohttp/3.12.14"
2026-02-18 06:15:44 [aiohttp.access] INFO: 192.168.0.100 [18/Feb/2026:06:15:44 -0500] "GET /peers HTTP/1.1" 200 172 "-" "Python/3.12 aiohttp/3.12.14"
2026-02-18 06:16:45 [aiohttp.access] INFO: 192.168.1.119 [18/Feb/2026:06:16:45 -0500] "GET /peers HTTP/1.1" 200 172 "-" "Python/3.12 aiohttp/3.12.14"
2026-02-18 06:16:45 [aiohttp.access] INFO: 192.168.0.100 [18/Feb/2026:06:16:45 -0500] "GET /peers HTTP/1.1" 200 172 "-" "Python/3.12 aiohttp/3.12.14"
2026-02-18 06:16:45 [aiohttp.access] INFO: 192.168.0.100 [18/Feb/2026:06:16:45 -0500] "GET /peers HTTP/1.1" 200 172 "-" "Python/3.12 aiohttp/3.12.14"
2026-02-18 06:16:45 [aiohttp.access] INFO: 192.168.1.119 [18/Feb/2026:06:16:45 -0500] "GET /peers HTTP/1.1" 200 172 "-" "Python/3.12 aiohttp/3.12.14"
2026-02-18 06:17:45 [aiohttp.access] INFO: 192.168.1.119 [18/Feb/2026:06:17:45 -0500] "GET /peers HTTP/1.1" 200 172 "-" "Python/3.12 aiohttp/3.12.14"
2026-02-18 06:17:45 [aiohttp.access] INFO: 192.168.0.100 [18/Feb/2026:06:17:45 -0500] "GET /peers HTTP/1.1" 200 172 "-" "Python/3.12 aiohttp/3.12.14"
2026-02-18 06:17:45 [aiohttp.access] INFO: 192.168.0.100 [18/Feb/2026:06:17:45 -0500] "GET /peers HTTP/1.1" 200 172 "-" "Python/3.12 aiohttp/3.12.14"
2026-02-18 06:17:45 [aiohttp.access] INFO: 192.168.1.119 [18/Feb/2026:06:17:45 -0500] "GET /peers HTTP/1.1" 200 172 "-" "Python/3.12 aiohttp/3.12.14"
