nohup: ignoring input
2026-04-12 23:58:56 [doin_node.unified] INFO: Component versions: {'doin-core': '2495651', 'doin-node': 'f9354f9', 'doin-plugins': '44cc06c', 'predictor': 'fe8a31b'}
2026-04-12 23:58:56 [doin_node.stats.olap_db] INFO: OLAP schema v2 created at doin-data-predictor/olap.db
2026-04-12 23:58:56 [doin_node.unified] INFO: Domain predictor-binary-tft-neat-1d registered (optimize=True, evaluate=True, synthetic=False)
2026-04-12 23:58:56 [doin_node.unified] INFO: Plugin configs: {'predictor-binary-tft-neat-1d:predictor_plugin': 'binary_tft', 'predictor-binary-tft-neat-1d:optimizer_plugin': 'neat_optimizer'}
2026-04-12 23:58:57.347164: E external/local_xla/xla/stream_executor/cuda/cuda_fft.cc:467] Unable to register cuFFT factory: Attempting to register factory for plugin cuFFT when one has already been registered
WARNING: All log messages before absl::InitializeLog() is called are written to STDERR
E0000 00:00:1776056337.387171   11411 cuda_dnn.cc:8579] Unable to register cuDNN factory: Attempting to register factory for plugin cuDNN when one has already been registered
E0000 00:00:1776056337.398531   11411 cuda_blas.cc:1407] Unable to register cuBLAS factory: Attempting to register factory for plugin cuBLAS when one has already been registered
W0000 00:00:1776056337.482799   11411 computation_placer.cc:177] computation placer already registered. Please check linkage and avoid linking the same target more than once.
W0000 00:00:1776056337.482833   11411 computation_placer.cc:177] computation placer already registered. Please check linkage and avoid linking the same target more than once.
W0000 00:00:1776056337.482837   11411 computation_placer.cc:177] computation placer already registered. Please check linkage and avoid linking the same target more than once.
W0000 00:00:1776056337.482839   11411 computation_placer.cc:177] computation placer already registered. Please check linkage and avoid linking the same target more than once.
2026-04-12 23:58:57.494113: I tensorflow/core/platform/cpu_feature_guard.cc:210] This TensorFlow binary is optimized to use available CPU instructions in performance-critical operations.
To enable the following instructions: AVX2 FMA, in other operations, rebuild TensorFlow with the appropriate compiler flags.
I0000 00:00:1776056340.349723   11411 gpu_device.cc:2019] Created device /job:localhost/replica:0/task:0/device:GPU:0 with 4594 MB memory:  -> device: 0, name: NVIDIA GeForce RTX 4070 Laptop GPU, pci bus id: 0000:01:00.0, compute capability: 8.9
2026-04-12 23:59:00 [doin_node.cli] INFO: Optimizer plugin 'binary_predictor' loaded for predictor-binary-tft-neat-1d
2026-04-12 23:59:00 [doin_node.cli] INFO: Evaluator plugin 'binary_predictor' loaded for predictor-binary-tft-neat-1d
2026-04-12 23:59:01 [doin_plugins.predictor.synthetic] INFO: Loaded pre-trained HMM hybrid model from /home/harveybc/synthetic-datagen/examples/models/hmm_hybrid_d1d4_optimized.joblib (K=5, block_size=30, covariance=diag)
2026-04-12 23:59:01 [doin_node.unified] INFO: Own addresses: {'2803:9810:5090:3a08:b6f0:383e:a72d:56ac', 'unknown', '172.18.0.1', 'localhost', '192.168.1.119', '192.168.0.105', '127.0.0.1', '172.19.0.1', 'fe80::e033:d9ff:fe98:8783', 'fe80::24fa:6dff:fefb:7c4d', 'fdd3:6cd6:9cf1:8:3217:b411:ba9f:98bb', 'fe80::9427:c1ff:fe89:7491', '127.0.1.1', '::1', 'fdd3:6cd6:9cf1:8:202a:4786:aec3:dfc6', 'fe80::42c2:baff:fe5c:3534', '2803:9810:5090:3a08:2dfe:fd78:d786:15c5', 'fe80::c039:3776:7323:e299', '172.17.0.1'}
2026-04-12 23:59:01 [doin_node.storage.chaindb] INFO: ChainDB opened: doin-data-predictor/chain.db
2026-04-12 23:59:01 [doin_node.unified] INFO: SQLite storage: height=13
2026-04-12 23:59:01 [doin_node.stats.experiment_tracker] INFO: Experiment started: domain=predictor-binary-tft-neat-1d id=e4e42ffea50b
2026-04-12 23:59:01 [doin_node.dashboard.routes] INFO: Dashboard enabled at /dashboard
2026-04-12 23:59:01 [doin_node.network.transport] INFO: Transport listening on 0.0.0.0:8470
2026-04-12 23:59:01 [aiohttp.access] INFO: 127.0.0.1 [12/Apr/2026:23:59:01 -0500] "GET /chain/status HTTP/1.1" 200 424 "-" "Python/3.12 aiohttp/3.13.3"
2026-04-12 23:59:01 [doin_node.unified] INFO: ✅ Port 8470 self-check passed
2026-04-12 23:59:01 [doin_node.network.gossip] INFO: gossip.add_peer(192.168.0.10) → mesh topics: ['discovery', 'optimae', 'tasks', 'blocks']
2026-04-12 23:59:01 [doin_node.network.gossip] INFO: gossip.add_peer(192.168.0.10) → mesh topics: ['discovery', 'optimae', 'tasks', 'blocks']
2026-04-12 23:59:01 [doin_node.unified] INFO: Unified node started: peer=b3cc3bf16c33 port=8470 optimize=['predictor-binary-tft-neat-1d'] evaluate=['predictor-binary-tft-neat-1d'] protocol=gossipsub storage=sqlite fee_market=True discovery=True
2026-04-12 23:59:01 [doin_node.unified] INFO: [SHARED] Waiting for peer discovery...
2026-04-12 23:59:01 [doin_node.network.discovery] INFO: LAN discovery active: TCP scan on subnets ['192.168.0', '192.168.1']
2026-04-12 23:59:01 [doin_node.unified] INFO: Bootstrap discovery: 13 new peers
2026-04-12 23:59:01 [doin_node.network.gossip] INFO: gossip.add_peer(7ad2cde77826) → mesh topics: ['discovery', 'optimae', 'tasks', 'blocks']
2026-04-12 23:59:01 [doin_node.unified] INFO: Connected to discovered peer: 192.168.1.235:8470
2026-04-12 23:59:02 [doin_node.unified] INFO: [SHARED] Peers found (3) after 1s
2026-04-12 23:59:05 [doin_node.unified] INFO: [SHARED] Recovered state from block 11 for predictor-binary-tft-neat-1d
2026-04-12 23:59:05 [doin_node.unified] INFO: [SHARED] Starting shared optimization for predictor-binary-tft-neat-1d: gen=8 pop_size=30 stage=1
2026-04-12 23:59:05 [doin_node.unified] INFO: [SHARED] Recovered state from block 11 for predictor-binary-tft-neat-1d
2026-04-12 23:59:05 [aiohttp.access] INFO: 192.168.0.107 [12/Apr/2026:23:59:05 -0500] "POST /message HTTP/1.1" 200 175 "-" "Python/3.12 aiohttp/3.13.3"
2026-04-12 23:59:05 [doin_node.unified] INFO: 📤 Broadcast candidate_evaluation → 3 peers (gossip mesh)
2026-04-12 23:59:05 [doin_node.unified] INFO: [SHARED] Evaluating candidate 22/30 gen=8 for predictor-binary-tft-neat-1d
2026-04-12 23:59:05 [aiohttp.access] INFO: 192.168.0.106 [12/Apr/2026:23:59:05 -0500] "POST /message HTTP/1.1" 200 175 "-" "Python/3.12 aiohttp/3.13.3"
2026-04-12 23:59:05.876924: E external/local_xla/xla/stream_executor/cuda/cuda_fft.cc:467] Unable to register cuFFT factory: Attempting to register factory for plugin cuFFT when one has already been registered
WARNING: All log messages before absl::InitializeLog() is called are written to STDERR
E0000 00:00:1776056345.888881   11579 cuda_dnn.cc:8579] Unable to register cuDNN factory: Attempting to register factory for plugin cuDNN when one has already been registered
E0000 00:00:1776056345.892290   11579 cuda_blas.cc:1407] Unable to register cuBLAS factory: Attempting to register factory for plugin cuBLAS when one has already been registered
W0000 00:00:1776056345.901949   11579 computation_placer.cc:177] computation placer already registered. Please check linkage and avoid linking the same target more than once.
W0000 00:00:1776056345.901988   11579 computation_placer.cc:177] computation placer already registered. Please check linkage and avoid linking the same target more than once.
W0000 00:00:1776056345.901992   11579 computation_placer.cc:177] computation placer already registered. Please check linkage and avoid linking the same target more than once.
W0000 00:00:1776056345.901997   11579 computation_placer.cc:177] computation placer already registered. Please check linkage and avoid linking the same target more than once.
2026-04-12 23:59:05.905101: I tensorflow/core/platform/cpu_feature_guard.cc:210] This TensorFlow binary is optimized to use available CPU instructions in performance-critical operations.
To enable the following instructions: AVX2 FMA, in other operations, rebuild TensorFlow with the appropriate compiler flags.
2026-04-12 23:59:07 [aiohttp.access] INFO: 192.168.0.106 [12/Apr/2026:23:59:07 -0500] "GET /peers HTTP/1.1" 200 503 "-" "Python/3.12 aiohttp/3.13.3"
2026-04-12 23:59:07 [aiohttp.access] INFO: 192.168.1.243 [12/Apr/2026:23:59:07 -0500] "GET /peers HTTP/1.1" 200 503 "-" "Python/3.12 aiohttp/3.13.3"
Attempting to load plugin: binary_target from group: target.plugins
Successfully loaded plugin: binary_target with params: {'signal_type': 'buy_entry'}
Attempting to load plugin: stl_preprocessor from group: preprocessor.plugins
Successfully loaded plugin: stl_preprocessor with params: {'window_size': 48, 'predicted_horizons': [1, 2, 3, 4, 5, 6], 'target_column': 'typical_price', 'use_returns': True, 'targets_are_denormalized': True, 'anti_naive_lock_enabled': True, 'feature_preprocessing_strategy': 'selective', 'add_window_stats': False, 'window_stats_periods': [12, 48], 'reverse_time_axis': False, 'add_multi_scale_returns': False, 'multi_scale_return_periods': [6, 24, 72], 'use_log1p_features': ['typical_price'], 'use_temporal_features': True, 'hod_encoding': 'sincos', 'dow_encoding': 'sincos', 'moy_encoding': 'sincos'}
Attempting to load plugin: binary_tft from group: predictor.plugins
2026-04-12 23:59:07.969432: E tensorflow/core/common_runtime/gpu/gpu_bfc_allocator.cc:55] The TF_FORCE_GPU_ALLOW_GROWTH environment variable is set but could not be parsed: "1". Valid values are "true" or "false". Using original config value of 0.
I0000 00:00:1776056347.969453   11579 gpu_process_state.cc:208] Using CUDA malloc Async allocator for GPU: 0
I0000 00:00:1776056347.970763   11579 gpu_device.cc:2019] Created device /job:localhost/replica:0/task:0/device:GPU:0 with 1113 MB memory:  -> device: 0, name: NVIDIA GeForce RTX 4070 Laptop GPU, pci bus id: 0000:01:00.0, compute capability: 8.9
Successfully loaded plugin: binary_tft with params: {'tft_hidden_units': 64, 'tft_num_heads': 4, 'tft_dropout': 0.1, 'tft_lstm_layers': 2, 'learning_rate': 0.001, 'early_patience': 20, 'batch_size': 64, 'l2_reg': 1e-06, 'activation': 'elu', 'positional_encoding': False, 'signal_type': 'buy_entry'}
Step 1: Load normalized CSV data
  Loaded x_train_df: (7300, 27)
  Loaded y_train_df: (7300, 27)
  Loaded x_val_df: (1575, 27)
  Loaded y_val_df: (1575, 27)
  Loaded x_test_df: (1575, 27)
  Loaded y_test_df: (1575, 27)
Step 2: Denormalize all input datasets
Step 3: Create first sliding windows from denormalized data
Creating sliding windows (Size=136)... Done.
Step 4: Extract baselines from sliding windows
Extracting baselines for target column 'ATR'... Done.
Step 5: Calculate targets from baselines
[binary_target] train buy_entry_binary: 7165 samples, pos_rate=0.210
[binary_target] val buy_entry_binary: 1440 samples, pos_rate=0.214
[binary_target] test buy_entry_binary: 1440 samples, pos_rate=0.209
Step 6: Create second sliding windows from normalized data
Creating sliding windows (Size=136)... Done.
Step 6c: Adding 2 temporal features: ['moy_sin', 'moy_cos']
  train: (7165, 136, 27) → (7165, 136, 29)
  val: (1440, 136, 27) → (1440, 136, 29)
  test: (1440, 136, 27) → (1440, 136, 29)
Step 6d: Adding 6 window stats features: ['rolling_std_12', 'rolling_ema_12', 'price_minus_ema_12', 'rolling_std_48', 'rolling_ema_48', 'price_minus_ema_48']
  train: (7165, 136, 29) → (7165, 136, 35)
  val: (1440, 136, 29) → (1440, 136, 35)
  test: (1440, 136, 29) → (1440, 136, 35)
Step 7: Align sliding windows with target data
  Aligning sliding windows with target data...
    train target length: 7165
    val target length: 1440
    test target length: 1440

Preprocessing Summary:
  X_train shape: (7165, 136, 35)
  X_val shape: (1440, 136, 35)
  X_test shape: (1440, 136, 35)
  Feature names: 35
  Predicted horizons: [1]
  Target normalization parameters available: 0
  Baseline train length: 7165
  Baseline val length: 1440
  Baseline test length: 1440

--- Removing excluded columns from datasets: ['buy_entry_label', 'sell_entry_label', 'buy_exit_label', 'sell_exit_label', 'bars_to_friday'] ---
Available columns: ['ATR', 'RSI', 'MACD', 'MACD_Histogram', 'MACD_Signal', 'ADX', 'DI_plus', 'DI_minus', 'Stochastic_K', 'Stochastic_D', 'BB_Width', 'CCI', 'WilliamsR', 'ROC', 'ATR_ratio', 'BB_position', 'rolling_std_24', 'price_minus_ema', 'hod_sin', 'hod_cos', 'dow_sin', 'dow_cos', 'buy_entry_label', 'sell_entry_label', 'buy_exit_label', 'sell_exit_label', 'bars_to_friday', 'moy_sin', 'moy_cos', 'rolling_std_12', 'rolling_ema_12', 'price_minus_ema_12', 'rolling_std_48', 'rolling_ema_48', 'price_minus_ema_48']
  Excluding column 'buy_entry_label' at index 22
  Excluding column 'sell_entry_label' at index 23
  Excluding column 'buy_exit_label' at index 24
  Excluding column 'sell_exit_label' at index 25
  Excluding column 'bars_to_friday' at index 26
  Keeping 30 columns out of 35 original columns
  Original shapes: X_train=(7165, 136, 35), X_val=(1440, 136, 35), X_test=(1440, 136, 35)
  New shapes after exclusion: X_train=(7165, 136, 30), X_val=(1440, 136, 30), X_test=(1440, 136, 30)
  Updated column names: ['ATR', 'RSI', 'MACD', 'MACD_Histogram', 'MACD_Signal', 'ADX', 'DI_plus', 'DI_minus', 'Stochastic_K', 'Stochastic_D', 'BB_Width', 'CCI', 'WilliamsR', 'ROC', 'ATR_ratio', 'BB_position', 'rolling_std_24', 'price_minus_ema', 'hod_sin', 'hod_cos', 'dow_sin', 'dow_cos', 'moy_sin', 'moy_cos', 'rolling_std_12', 'rolling_ema_12', 'price_minus_ema_12', 'rolling_std_48', 'rolling_ema_48', 'price_minus_ema_48']
Attempting build_model with tuple input_shape: (136, 30)
build_model succeeded with tuple input_shape
Starting training with epochs=2000, batch_size=32
x_train shape: (7165, 136, 30), y_train type: <class 'dict'>
y_train keys: dict_keys(['output_horizon_1']), shapes: [('output_horizon_1', (7165, 1))]
Resource logging enabled: file=/home/harveybc/Documents/GitHub/predictor/examples/results/phase_1b_binary/phase_1b_binary_tft_buy_entry_1d_rss.csv tag=shared_gen8 gpu=True gc=False
[RESOURCE] fit_start ts=1776056351.277 VmRSS_kB=1318004 VmHWM_kB=1582172 gpu_current_B=928720 gpu_peak_B=954308 gc=None
[BINARY] class_weight: {0: 0.6330, 1: 2.3804}
2026-04-12 23:59:11.566210: E tensorflow/core/framework/node_def_util.cc:680] NodeDef mentions attribute use_unbounded_threadpool which is not in the op definition: Op<name=MapDataset; signature=input_dataset:variant, other_arguments: -> handle:variant; attr=f:func; attr=Targuments:list(type),min=0; attr=output_types:list(type),min=1; attr=output_shapes:list(shape),min=1; attr=use_inter_op_parallelism:bool,default=true; attr=preserve_cardinality:bool,default=false; attr=force_synchronous:bool,default=false; attr=metadata:string,default=""> This may be expected if your graph generating binary is newer  than this binary. Unknown attributes will be ignored. NodeDef: {{node ParallelMapDatasetV2/_16}}
